<?xml version="1.0" encoding="UTF-8"?>
<!-- Generated by org.testng.reporters.JUnitReportReporter -->
<testsuite skipped="0" hostname="DESKTOP-9HUOTQA" name="com.testcases.OnlineWalletLoginPageTestCase" tests="1" failures="0" timestamp="28 Sep 2020 14:15:49 GMT" time="0.667" errors="0">
  <testcase name="login" time="0.667" classname="com.testcases.OnlineWalletLoginPageTestCase"/>
</testsuite> <!-- com.testcases.OnlineWalletLoginPageTestCase -->
