<?xml version="1.0" encoding="UTF-8"?>
<!-- Generated by org.testng.reporters.JUnitReportReporter -->
<testsuite skipped="0" hostname="DESKTOP-9HUOTQA" name="com.testcases.OnlineWalletAddMoneyPageTestCase" tests="1" failures="0" timestamp="29 Sep 2020 17:05:59 GMT" time="1.186" errors="0">
  <testcase name="addMoney" time="1.186" classname="com.testcases.OnlineWalletAddMoneyPageTestCase"/>
</testsuite> <!-- com.testcases.OnlineWalletAddMoneyPageTestCase -->
